<?xml version="1.0" encoding="UTF-8"?>
<testExecutions version="1">
  <file path="/home/lucastercas/workspace/projets/cicd-template/apps/node/tests/index.test.ts">
    <testCase name="Hello work works" duration="24"/>
  </file>
  <file path="/home/lucastercas/workspace/projets/cicd-template/apps/node/tests/server.test.ts">
    <testCase name="Server works" duration="8"/>
  </file>
</testExecutions>